This file contains any messages produced by compilers while
running configure, to aid debugging if configure makes a mistake.

It was created by mtcp configure 3, which was
generated by GNU Autoconf 2.69.  Invocation command line was

  $ ./configure --with-dpdk-lib=/home/utcpdev/mtcp/dpdk/ CFLAGS=-g -O0 -DMAX_CPUS=24

## --------- ##
## Platform. ##
## --------- ##

hostname = plan20d1
uname -m = x86_64
uname -r = 4.4.0-62-generic
uname -s = Linux
uname -v = #83-Ubuntu SMP Wed Jan 18 14:10:15 UTC 2017

/usr/bin/uname -p = unknown
/bin/uname -X     = unknown

/bin/arch              = unknown
/usr/bin/arch -k       = unknown
/usr/convex/getsysinfo = unknown
/usr/bin/hostinfo      = unknown
/bin/machine           = unknown
/usr/bin/oslevel       = unknown
/bin/universe          = unknown

PATH: /usr/local/sbin
PATH: /usr/local/bin
PATH: /usr/sbin
PATH: /usr/bin
PATH: /sbin
PATH: /bin
PATH: /usr/games
PATH: /usr/local/games
PATH: /bin
PATH: /home/utcpdev/go/bin


## ----------- ##
## Core tests. ##
## ----------- ##

configure:2418: checking for gcc
configure:2434: found /usr/bin/gcc
configure:2445: result: gcc
configure:2674: checking for C compiler version
configure:2683: gcc --version >&5
gcc (Ubuntu 5.4.0-6ubuntu1~16.04.4) 5.4.0 20160609
Copyright (C) 2015 Free Software Foundation, Inc.
This is free software; see the source for copying conditions.  There is NO
warranty; not even for MERCHANTABILITY or FITNESS FOR A PARTICULAR PURPOSE.

configure:2694: $? = 0
configure:2683: gcc -v >&5
Using built-in specs.
COLLECT_GCC=gcc
COLLECT_LTO_WRAPPER=/usr/lib/gcc/x86_64-linux-gnu/5/lto-wrapper
Target: x86_64-linux-gnu
Configured with: ../src/configure -v --with-pkgversion='Ubuntu 5.4.0-6ubuntu1~16.04.4' --with-bugurl=file:///usr/share/doc/gcc-5/README.Bugs --enable-languages=c,ada,c++,java,go,d,fortran,objc,obj-c++ --prefix=/usr --program-suffix=-5 --enable-shared --enable-linker-build-id --libexecdir=/usr/lib --without-included-gettext --enable-threads=posix --libdir=/usr/lib --enable-nls --with-sysroot=/ --enable-clocale=gnu --enable-libstdcxx-debug --enable-libstdcxx-time=yes --with-default-libstdcxx-abi=new --enable-gnu-unique-object --disable-vtable-verify --enable-libmpx --enable-plugin --with-system-zlib --disable-browser-plugin --enable-java-awt=gtk --enable-gtk-cairo --with-java-home=/usr/lib/jvm/java-1.5.0-gcj-5-amd64/jre --enable-java-home --with-jvm-root-dir=/usr/lib/jvm/java-1.5.0-gcj-5-amd64 --with-jvm-jar-dir=/usr/lib/jvm-exports/java-1.5.0-gcj-5-amd64 --with-arch-directory=amd64 --with-ecj-jar=/usr/share/java/eclipse-ecj.jar --enable-objc-gc --enable-multiarch --disable-werror --with-arch-32=i686 --with-abi=m64 --with-multilib-list=m32,m64,mx32 --enable-multilib --with-tune=generic --enable-checking=release --build=x86_64-linux-gnu --host=x86_64-linux-gnu --target=x86_64-linux-gnu
Thread model: posix
gcc version 5.4.0 20160609 (Ubuntu 5.4.0-6ubuntu1~16.04.4) 
configure:2694: $? = 0
configure:2683: gcc -V >&5
gcc: error: unrecognized command line option '-V'
gcc: fatal error: no input files
compilation terminated.
configure:2694: $? = 1
configure:2683: gcc -qversion >&5
gcc: error: unrecognized command line option '-qversion'
gcc: fatal error: no input files
compilation terminated.
configure:2694: $? = 1
configure:2714: checking whether the C compiler works
configure:2736: gcc -g -O0 -DMAX_CPUS=24   conftest.c  >&5
configure:2740: $? = 0
configure:2788: result: yes
configure:2791: checking for C compiler default output file name
configure:2793: result: a.out
configure:2799: checking for suffix of executables
configure:2806: gcc -o conftest -g -O0 -DMAX_CPUS=24   conftest.c  >&5
configure:2810: $? = 0
configure:2832: result: 
configure:2854: checking whether we are cross compiling
configure:2862: gcc -o conftest -g -O0 -DMAX_CPUS=24   conftest.c  >&5
configure:2866: $? = 0
configure:2873: ./conftest
configure:2877: $? = 0
configure:2892: result: no
configure:2897: checking for suffix of object files
configure:2919: gcc -c -g -O0 -DMAX_CPUS=24  conftest.c >&5
configure:2923: $? = 0
configure:2944: result: o
configure:2948: checking whether we are using the GNU C compiler
configure:2967: gcc -c -g -O0 -DMAX_CPUS=24  conftest.c >&5
configure:2967: $? = 0
configure:2976: result: yes
configure:2985: checking whether gcc accepts -g
configure:3005: gcc -c -g  conftest.c >&5
configure:3005: $? = 0
configure:3046: result: yes
configure:3063: checking for gcc option to accept ISO C89
configure:3126: gcc  -c -g -O0 -DMAX_CPUS=24  conftest.c >&5
configure:3126: $? = 0
configure:3139: result: none needed
configure:3196: checking whether gcc understands -c and -o together
configure:3218: gcc -c conftest.c -o conftest2.o
configure:3221: $? = 0
configure:3218: gcc -c conftest.c -o conftest2.o
configure:3221: $? = 0
configure:3233: result: yes
configure:3266: checking how to run the C preprocessor
configure:3297: gcc -E  conftest.c
configure:3297: $? = 0
configure:3311: gcc -E  conftest.c
conftest.c:9:28: fatal error: ac_nonexistent.h: No such file or directory
compilation terminated.
configure:3311: $? = 1
configure: failed program was:
| /* confdefs.h */
| #define PACKAGE_NAME "mtcp"
| #define PACKAGE_TARNAME "mtcp"
| #define PACKAGE_VERSION "3"
| #define PACKAGE_STRING "mtcp 3"
| #define PACKAGE_BUGREPORT "mtcp-user@list.ndsl.kaist.edu"
| #define PACKAGE_URL ""
| /* end confdefs.h.  */
| #include <ac_nonexistent.h>
configure:3336: result: gcc -E
configure:3356: gcc -E  conftest.c
configure:3356: $? = 0
configure:3370: gcc -E  conftest.c
conftest.c:9:28: fatal error: ac_nonexistent.h: No such file or directory
compilation terminated.
configure:3370: $? = 1
configure: failed program was:
| /* confdefs.h */
| #define PACKAGE_NAME "mtcp"
| #define PACKAGE_TARNAME "mtcp"
| #define PACKAGE_VERSION "3"
| #define PACKAGE_STRING "mtcp 3"
| #define PACKAGE_BUGREPORT "mtcp-user@list.ndsl.kaist.edu"
| #define PACKAGE_URL ""
| /* end confdefs.h.  */
| #include <ac_nonexistent.h>
configure:3399: checking for grep that handles long lines and -e
configure:3457: result: /bin/grep
configure:3462: checking for egrep
configure:3524: result: /bin/grep -E
configure:3529: checking for ANSI C header files
configure:3549: gcc -c -g -O0 -DMAX_CPUS=24  conftest.c >&5
configure:3549: $? = 0
configure:3622: gcc -o conftest -g -O0 -DMAX_CPUS=24   conftest.c  >&5
configure:3622: $? = 0
configure:3622: ./conftest
configure:3622: $? = 0
configure:3633: result: yes
configure:3646: checking for sys/types.h
configure:3646: gcc -c -g -O0 -DMAX_CPUS=24  conftest.c >&5
configure:3646: $? = 0
configure:3646: result: yes
configure:3646: checking for sys/stat.h
configure:3646: gcc -c -g -O0 -DMAX_CPUS=24  conftest.c >&5
configure:3646: $? = 0
configure:3646: result: yes
configure:3646: checking for stdlib.h
configure:3646: gcc -c -g -O0 -DMAX_CPUS=24  conftest.c >&5
configure:3646: $? = 0
configure:3646: result: yes
configure:3646: checking for string.h
configure:3646: gcc -c -g -O0 -DMAX_CPUS=24  conftest.c >&5
configure:3646: $? = 0
configure:3646: result: yes
configure:3646: checking for memory.h
configure:3646: gcc -c -g -O0 -DMAX_CPUS=24  conftest.c >&5
configure:3646: $? = 0
configure:3646: result: yes
configure:3646: checking for strings.h
configure:3646: gcc -c -g -O0 -DMAX_CPUS=24  conftest.c >&5
configure:3646: $? = 0
configure:3646: result: yes
configure:3646: checking for inttypes.h
configure:3646: gcc -c -g -O0 -DMAX_CPUS=24  conftest.c >&5
configure:3646: $? = 0
configure:3646: result: yes
configure:3646: checking for stdint.h
configure:3646: gcc -c -g -O0 -DMAX_CPUS=24  conftest.c >&5
configure:3646: $? = 0
configure:3646: result: yes
configure:3646: checking for unistd.h
configure:3646: gcc -c -g -O0 -DMAX_CPUS=24  conftest.c >&5
configure:3646: $? = 0
configure:3646: result: yes
configure:3661: checking linux/sched.h usability
configure:3661: gcc -c -g -O0 -DMAX_CPUS=24  conftest.c >&5
configure:3661: $? = 0
configure:3661: result: yes
configure:3661: checking linux/sched.h presence
configure:3661: gcc -E  conftest.c
configure:3661: $? = 0
configure:3661: result: yes
configure:3661: checking for linux/sched.h
configure:3661: result: yes
configure:3661: checking pthread.h usability
configure:3661: gcc -c -g -O0 -DMAX_CPUS=24  conftest.c >&5
configure:3661: $? = 0
configure:3661: result: yes
configure:3661: checking pthread.h presence
configure:3661: gcc -E  conftest.c
configure:3661: $? = 0
configure:3661: result: yes
configure:3661: checking for pthread.h
configure:3661: result: yes
configure:3661: checking numa.h usability
configure:3661: gcc -c -g -O0 -DMAX_CPUS=24  conftest.c >&5
configure:3661: $? = 0
configure:3661: result: yes
configure:3661: checking numa.h presence
configure:3661: gcc -E  conftest.c
configure:3661: $? = 0
configure:3661: result: yes
configure:3661: checking for numa.h
configure:3661: result: yes
configure:3661: checking arpa/inet.h usability
configure:3661: gcc -c -g -O0 -DMAX_CPUS=24  conftest.c >&5
configure:3661: $? = 0
configure:3661: result: yes
configure:3661: checking arpa/inet.h presence
configure:3661: gcc -E  conftest.c
configure:3661: $? = 0
configure:3661: result: yes
configure:3661: checking for arpa/inet.h
configure:3661: result: yes
configure:3661: checking fcntl.h usability
configure:3661: gcc -c -g -O0 -DMAX_CPUS=24  conftest.c >&5
configure:3661: $? = 0
configure:3661: result: yes
configure:3661: checking fcntl.h presence
configure:3661: gcc -E  conftest.c
configure:3661: $? = 0
configure:3661: result: yes
configure:3661: checking for fcntl.h
configure:3661: result: yes
configure:3661: checking limits.h usability
configure:3661: gcc -c -g -O0 -DMAX_CPUS=24  conftest.c >&5
configure:3661: $? = 0
configure:3661: result: yes
configure:3661: checking limits.h presence
configure:3661: gcc -E  conftest.c
configure:3661: $? = 0
configure:3661: result: yes
configure:3661: checking for limits.h
configure:3661: result: yes
configure:3661: checking netdb.h usability
configure:3661: gcc -c -g -O0 -DMAX_CPUS=24  conftest.c >&5
configure:3661: $? = 0
configure:3661: result: yes
configure:3661: checking netdb.h presence
configure:3661: gcc -E  conftest.c
configure:3661: $? = 0
configure:3661: result: yes
configure:3661: checking for netdb.h
configure:3661: result: yes
configure:3661: checking netinet/in.h usability
configure:3661: gcc -c -g -O0 -DMAX_CPUS=24  conftest.c >&5
configure:3661: $? = 0
configure:3661: result: yes
configure:3661: checking netinet/in.h presence
configure:3661: gcc -E  conftest.c
configure:3661: $? = 0
configure:3661: result: yes
configure:3661: checking for netinet/in.h
configure:3661: result: yes
configure:3661: checking for stdint.h
configure:3661: result: yes
configure:3661: checking for stdlib.h
configure:3661: result: yes
configure:3661: checking for string.h
configure:3661: result: yes
configure:3661: checking sys/ioctl.h usability
configure:3661: gcc -c -g -O0 -DMAX_CPUS=24  conftest.c >&5
configure:3661: $? = 0
configure:3661: result: yes
configure:3661: checking sys/ioctl.h presence
configure:3661: gcc -E  conftest.c
configure:3661: $? = 0
configure:3661: result: yes
configure:3661: checking for sys/ioctl.h
configure:3661: result: yes
configure:3661: checking sys/socket.h usability
configure:3661: gcc -c -g -O0 -DMAX_CPUS=24  conftest.c >&5
configure:3661: $? = 0
configure:3661: result: yes
configure:3661: checking sys/socket.h presence
configure:3661: gcc -E  conftest.c
configure:3661: $? = 0
configure:3661: result: yes
configure:3661: checking for sys/socket.h
configure:3661: result: yes
configure:3661: checking sys/time.h usability
configure:3661: gcc -c -g -O0 -DMAX_CPUS=24  conftest.c >&5
configure:3661: $? = 0
configure:3661: result: yes
configure:3661: checking sys/time.h presence
configure:3661: gcc -E  conftest.c
configure:3661: $? = 0
configure:3661: result: yes
configure:3661: checking for sys/time.h
configure:3661: result: yes
configure:3661: checking for unistd.h
configure:3661: result: yes
configure:3681: checking for inline
configure:3697: gcc -c -g -O0 -DMAX_CPUS=24  conftest.c >&5
configure:3697: $? = 0
configure:3705: result: inline
configure:3723: checking for int16_t
configure:3723: gcc -c -g -O0 -DMAX_CPUS=24  conftest.c >&5
configure:3723: $? = 0
configure:3723: gcc -c -g -O0 -DMAX_CPUS=24  conftest.c >&5
conftest.c: In function 'main':
conftest.c:71:12: error: size of array 'test_array' is negative
 static int test_array [1 - 2 * !((int16_t) (((((int16_t) 1 << N) << N) - 1) * 2 + 1)
            ^
configure:3723: $? = 1
configure: failed program was:
| /* confdefs.h */
| #define PACKAGE_NAME "mtcp"
| #define PACKAGE_TARNAME "mtcp"
| #define PACKAGE_VERSION "3"
| #define PACKAGE_STRING "mtcp 3"
| #define PACKAGE_BUGREPORT "mtcp-user@list.ndsl.kaist.edu"
| #define PACKAGE_URL ""
| #define STDC_HEADERS 1
| #define HAVE_SYS_TYPES_H 1
| #define HAVE_SYS_STAT_H 1
| #define HAVE_STDLIB_H 1
| #define HAVE_STRING_H 1
| #define HAVE_MEMORY_H 1
| #define HAVE_STRINGS_H 1
| #define HAVE_INTTYPES_H 1
| #define HAVE_STDINT_H 1
| #define HAVE_UNISTD_H 1
| #define HAVE_LINUX_SCHED_H 1
| #define HAVE_PTHREAD_H 1
| #define HAVE_NUMA_H 1
| #define HAVE_ARPA_INET_H 1
| #define HAVE_FCNTL_H 1
| #define HAVE_LIMITS_H 1
| #define HAVE_NETDB_H 1
| #define HAVE_NETINET_IN_H 1
| #define HAVE_STDINT_H 1
| #define HAVE_STDLIB_H 1
| #define HAVE_STRING_H 1
| #define HAVE_SYS_IOCTL_H 1
| #define HAVE_SYS_SOCKET_H 1
| #define HAVE_SYS_TIME_H 1
| #define HAVE_UNISTD_H 1
| /* end confdefs.h.  */
| #include <stdio.h>
| #ifdef HAVE_SYS_TYPES_H
| # include <sys/types.h>
| #endif
| #ifdef HAVE_SYS_STAT_H
| # include <sys/stat.h>
| #endif
| #ifdef STDC_HEADERS
| # include <stdlib.h>
| # include <stddef.h>
| #else
| # ifdef HAVE_STDLIB_H
| #  include <stdlib.h>
| # endif
| #endif
| #ifdef HAVE_STRING_H
| # if !defined STDC_HEADERS && defined HAVE_MEMORY_H
| #  include <memory.h>
| # endif
| # include <string.h>
| #endif
| #ifdef HAVE_STRINGS_H
| # include <strings.h>
| #endif
| #ifdef HAVE_INTTYPES_H
| # include <inttypes.h>
| #endif
| #ifdef HAVE_STDINT_H
| # include <stdint.h>
| #endif
| #ifdef HAVE_UNISTD_H
| # include <unistd.h>
| #endif
| 	        enum { N = 16 / 2 - 1 };
| int
| main ()
| {
| static int test_array [1 - 2 * !((int16_t) (((((int16_t) 1 << N) << N) - 1) * 2 + 1)
| 		 < (int16_t) (((((int16_t) 1 << N) << N) - 1) * 2 + 2))];
| test_array [0] = 0;
| return test_array [0];
| 
|   ;
|   return 0;
| }
configure:3723: result: yes
configure:3734: checking for int32_t
configure:3734: gcc -c -g -O0 -DMAX_CPUS=24  conftest.c >&5
configure:3734: $? = 0
configure:3734: gcc -c -g -O0 -DMAX_CPUS=24  conftest.c >&5
conftest.c: In function 'main':
conftest.c:72:53: warning: integer overflow in expression [-Woverflow]
    < (int32_t) (((((int32_t) 1 << N) << N) - 1) * 2 + 2))];
                                                     ^
conftest.c:71:12: error: storage size of 'test_array' isn't constant
 static int test_array [1 - 2 * !((int32_t) (((((int32_t) 1 << N) << N) - 1) * 2 + 1)
            ^
configure:3734: $? = 1
configure: failed program was:
| /* confdefs.h */
| #define PACKAGE_NAME "mtcp"
| #define PACKAGE_TARNAME "mtcp"
| #define PACKAGE_VERSION "3"
| #define PACKAGE_STRING "mtcp 3"
| #define PACKAGE_BUGREPORT "mtcp-user@list.ndsl.kaist.edu"
| #define PACKAGE_URL ""
| #define STDC_HEADERS 1
| #define HAVE_SYS_TYPES_H 1
| #define HAVE_SYS_STAT_H 1
| #define HAVE_STDLIB_H 1
| #define HAVE_STRING_H 1
| #define HAVE_MEMORY_H 1
| #define HAVE_STRINGS_H 1
| #define HAVE_INTTYPES_H 1
| #define HAVE_STDINT_H 1
| #define HAVE_UNISTD_H 1
| #define HAVE_LINUX_SCHED_H 1
| #define HAVE_PTHREAD_H 1
| #define HAVE_NUMA_H 1
| #define HAVE_ARPA_INET_H 1
| #define HAVE_FCNTL_H 1
| #define HAVE_LIMITS_H 1
| #define HAVE_NETDB_H 1
| #define HAVE_NETINET_IN_H 1
| #define HAVE_STDINT_H 1
| #define HAVE_STDLIB_H 1
| #define HAVE_STRING_H 1
| #define HAVE_SYS_IOCTL_H 1
| #define HAVE_SYS_SOCKET_H 1
| #define HAVE_SYS_TIME_H 1
| #define HAVE_UNISTD_H 1
| /* end confdefs.h.  */
| #include <stdio.h>
| #ifdef HAVE_SYS_TYPES_H
| # include <sys/types.h>
| #endif
| #ifdef HAVE_SYS_STAT_H
| # include <sys/stat.h>
| #endif
| #ifdef STDC_HEADERS
| # include <stdlib.h>
| # include <stddef.h>
| #else
| # ifdef HAVE_STDLIB_H
| #  include <stdlib.h>
| # endif
| #endif
| #ifdef HAVE_STRING_H
| # if !defined STDC_HEADERS && defined HAVE_MEMORY_H
| #  include <memory.h>
| # endif
| # include <string.h>
| #endif
| #ifdef HAVE_STRINGS_H
| # include <strings.h>
| #endif
| #ifdef HAVE_INTTYPES_H
| # include <inttypes.h>
| #endif
| #ifdef HAVE_STDINT_H
| # include <stdint.h>
| #endif
| #ifdef HAVE_UNISTD_H
| # include <unistd.h>
| #endif
| 	        enum { N = 32 / 2 - 1 };
| int
| main ()
| {
| static int test_array [1 - 2 * !((int32_t) (((((int32_t) 1 << N) << N) - 1) * 2 + 1)
| 		 < (int32_t) (((((int32_t) 1 << N) << N) - 1) * 2 + 2))];
| test_array [0] = 0;
| return test_array [0];
| 
|   ;
|   return 0;
| }
configure:3734: result: yes
configure:3745: checking for int64_t
configure:3745: gcc -c -g -O0 -DMAX_CPUS=24  conftest.c >&5
configure:3745: $? = 0
configure:3745: gcc -c -g -O0 -DMAX_CPUS=24  conftest.c >&5
conftest.c: In function 'main':
conftest.c:72:53: warning: integer overflow in expression [-Woverflow]
    < (int64_t) (((((int64_t) 1 << N) << N) - 1) * 2 + 2))];
                                                     ^
conftest.c:71:12: error: storage size of 'test_array' isn't constant
 static int test_array [1 - 2 * !((int64_t) (((((int64_t) 1 << N) << N) - 1) * 2 + 1)
            ^
configure:3745: $? = 1
configure: failed program was:
| /* confdefs.h */
| #define PACKAGE_NAME "mtcp"
| #define PACKAGE_TARNAME "mtcp"
| #define PACKAGE_VERSION "3"
| #define PACKAGE_STRING "mtcp 3"
| #define PACKAGE_BUGREPORT "mtcp-user@list.ndsl.kaist.edu"
| #define PACKAGE_URL ""
| #define STDC_HEADERS 1
| #define HAVE_SYS_TYPES_H 1
| #define HAVE_SYS_STAT_H 1
| #define HAVE_STDLIB_H 1
| #define HAVE_STRING_H 1
| #define HAVE_MEMORY_H 1
| #define HAVE_STRINGS_H 1
| #define HAVE_INTTYPES_H 1
| #define HAVE_STDINT_H 1
| #define HAVE_UNISTD_H 1
| #define HAVE_LINUX_SCHED_H 1
| #define HAVE_PTHREAD_H 1
| #define HAVE_NUMA_H 1
| #define HAVE_ARPA_INET_H 1
| #define HAVE_FCNTL_H 1
| #define HAVE_LIMITS_H 1
| #define HAVE_NETDB_H 1
| #define HAVE_NETINET_IN_H 1
| #define HAVE_STDINT_H 1
| #define HAVE_STDLIB_H 1
| #define HAVE_STRING_H 1
| #define HAVE_SYS_IOCTL_H 1
| #define HAVE_SYS_SOCKET_H 1
| #define HAVE_SYS_TIME_H 1
| #define HAVE_UNISTD_H 1
| /* end confdefs.h.  */
| #include <stdio.h>
| #ifdef HAVE_SYS_TYPES_H
| # include <sys/types.h>
| #endif
| #ifdef HAVE_SYS_STAT_H
| # include <sys/stat.h>
| #endif
| #ifdef STDC_HEADERS
| # include <stdlib.h>
| # include <stddef.h>
| #else
| # ifdef HAVE_STDLIB_H
| #  include <stdlib.h>
| # endif
| #endif
| #ifdef HAVE_STRING_H
| # if !defined STDC_HEADERS && defined HAVE_MEMORY_H
| #  include <memory.h>
| # endif
| # include <string.h>
| #endif
| #ifdef HAVE_STRINGS_H
| # include <strings.h>
| #endif
| #ifdef HAVE_INTTYPES_H
| # include <inttypes.h>
| #endif
| #ifdef HAVE_STDINT_H
| # include <stdint.h>
| #endif
| #ifdef HAVE_UNISTD_H
| # include <unistd.h>
| #endif
| 	        enum { N = 64 / 2 - 1 };
| int
| main ()
| {
| static int test_array [1 - 2 * !((int64_t) (((((int64_t) 1 << N) << N) - 1) * 2 + 1)
| 		 < (int64_t) (((((int64_t) 1 << N) << N) - 1) * 2 + 2))];
| test_array [0] = 0;
| return test_array [0];
| 
|   ;
|   return 0;
| }
configure:3745: result: yes
configure:3756: checking for int8_t
configure:3756: gcc -c -g -O0 -DMAX_CPUS=24  conftest.c >&5
configure:3756: $? = 0
configure:3756: gcc -c -g -O0 -DMAX_CPUS=24  conftest.c >&5
conftest.c: In function 'main':
conftest.c:71:12: error: size of array 'test_array' is negative
 static int test_array [1 - 2 * !((int8_t) (((((int8_t) 1 << N) << N) - 1) * 2 + 1)
            ^
configure:3756: $? = 1
configure: failed program was:
| /* confdefs.h */
| #define PACKAGE_NAME "mtcp"
| #define PACKAGE_TARNAME "mtcp"
| #define PACKAGE_VERSION "3"
| #define PACKAGE_STRING "mtcp 3"
| #define PACKAGE_BUGREPORT "mtcp-user@list.ndsl.kaist.edu"
| #define PACKAGE_URL ""
| #define STDC_HEADERS 1
| #define HAVE_SYS_TYPES_H 1
| #define HAVE_SYS_STAT_H 1
| #define HAVE_STDLIB_H 1
| #define HAVE_STRING_H 1
| #define HAVE_MEMORY_H 1
| #define HAVE_STRINGS_H 1
| #define HAVE_INTTYPES_H 1
| #define HAVE_STDINT_H 1
| #define HAVE_UNISTD_H 1
| #define HAVE_LINUX_SCHED_H 1
| #define HAVE_PTHREAD_H 1
| #define HAVE_NUMA_H 1
| #define HAVE_ARPA_INET_H 1
| #define HAVE_FCNTL_H 1
| #define HAVE_LIMITS_H 1
| #define HAVE_NETDB_H 1
| #define HAVE_NETINET_IN_H 1
| #define HAVE_STDINT_H 1
| #define HAVE_STDLIB_H 1
| #define HAVE_STRING_H 1
| #define HAVE_SYS_IOCTL_H 1
| #define HAVE_SYS_SOCKET_H 1
| #define HAVE_SYS_TIME_H 1
| #define HAVE_UNISTD_H 1
| /* end confdefs.h.  */
| #include <stdio.h>
| #ifdef HAVE_SYS_TYPES_H
| # include <sys/types.h>
| #endif
| #ifdef HAVE_SYS_STAT_H
| # include <sys/stat.h>
| #endif
| #ifdef STDC_HEADERS
| # include <stdlib.h>
| # include <stddef.h>
| #else
| # ifdef HAVE_STDLIB_H
| #  include <stdlib.h>
| # endif
| #endif
| #ifdef HAVE_STRING_H
| # if !defined STDC_HEADERS && defined HAVE_MEMORY_H
| #  include <memory.h>
| # endif
| # include <string.h>
| #endif
| #ifdef HAVE_STRINGS_H
| # include <strings.h>
| #endif
| #ifdef HAVE_INTTYPES_H
| # include <inttypes.h>
| #endif
| #ifdef HAVE_STDINT_H
| # include <stdint.h>
| #endif
| #ifdef HAVE_UNISTD_H
| # include <unistd.h>
| #endif
| 	        enum { N = 8 / 2 - 1 };
| int
| main ()
| {
| static int test_array [1 - 2 * !((int8_t) (((((int8_t) 1 << N) << N) - 1) * 2 + 1)
| 		 < (int8_t) (((((int8_t) 1 << N) << N) - 1) * 2 + 2))];
| test_array [0] = 0;
| return test_array [0];
| 
|   ;
|   return 0;
| }
configure:3756: result: yes
configure:3767: checking for pid_t
configure:3767: gcc -c -g -O0 -DMAX_CPUS=24  conftest.c >&5
configure:3767: $? = 0
configure:3767: gcc -c -g -O0 -DMAX_CPUS=24  conftest.c >&5
conftest.c: In function 'main':
conftest.c:70:20: error: expected expression before ')' token
 if (sizeof ((pid_t)))
                    ^
configure:3767: $? = 1
configure: failed program was:
| /* confdefs.h */
| #define PACKAGE_NAME "mtcp"
| #define PACKAGE_TARNAME "mtcp"
| #define PACKAGE_VERSION "3"
| #define PACKAGE_STRING "mtcp 3"
| #define PACKAGE_BUGREPORT "mtcp-user@list.ndsl.kaist.edu"
| #define PACKAGE_URL ""
| #define STDC_HEADERS 1
| #define HAVE_SYS_TYPES_H 1
| #define HAVE_SYS_STAT_H 1
| #define HAVE_STDLIB_H 1
| #define HAVE_STRING_H 1
| #define HAVE_MEMORY_H 1
| #define HAVE_STRINGS_H 1
| #define HAVE_INTTYPES_H 1
| #define HAVE_STDINT_H 1
| #define HAVE_UNISTD_H 1
| #define HAVE_LINUX_SCHED_H 1
| #define HAVE_PTHREAD_H 1
| #define HAVE_NUMA_H 1
| #define HAVE_ARPA_INET_H 1
| #define HAVE_FCNTL_H 1
| #define HAVE_LIMITS_H 1
| #define HAVE_NETDB_H 1
| #define HAVE_NETINET_IN_H 1
| #define HAVE_STDINT_H 1
| #define HAVE_STDLIB_H 1
| #define HAVE_STRING_H 1
| #define HAVE_SYS_IOCTL_H 1
| #define HAVE_SYS_SOCKET_H 1
| #define HAVE_SYS_TIME_H 1
| #define HAVE_UNISTD_H 1
| /* end confdefs.h.  */
| #include <stdio.h>
| #ifdef HAVE_SYS_TYPES_H
| # include <sys/types.h>
| #endif
| #ifdef HAVE_SYS_STAT_H
| # include <sys/stat.h>
| #endif
| #ifdef STDC_HEADERS
| # include <stdlib.h>
| # include <stddef.h>
| #else
| # ifdef HAVE_STDLIB_H
| #  include <stdlib.h>
| # endif
| #endif
| #ifdef HAVE_STRING_H
| # if !defined STDC_HEADERS && defined HAVE_MEMORY_H
| #  include <memory.h>
| # endif
| # include <string.h>
| #endif
| #ifdef HAVE_STRINGS_H
| # include <strings.h>
| #endif
| #ifdef HAVE_INTTYPES_H
| # include <inttypes.h>
| #endif
| #ifdef HAVE_STDINT_H
| # include <stdint.h>
| #endif
| #ifdef HAVE_UNISTD_H
| # include <unistd.h>
| #endif
| int
| main ()
| {
| if (sizeof ((pid_t)))
| 	    return 0;
|   ;
|   return 0;
| }
configure:3767: result: yes
configure:3778: checking for size_t
configure:3778: gcc -c -g -O0 -DMAX_CPUS=24  conftest.c >&5
configure:3778: $? = 0
configure:3778: gcc -c -g -O0 -DMAX_CPUS=24  conftest.c >&5
conftest.c: In function 'main':
conftest.c:70:21: error: expected expression before ')' token
 if (sizeof ((size_t)))
                     ^
configure:3778: $? = 1
configure: failed program was:
| /* confdefs.h */
| #define PACKAGE_NAME "mtcp"
| #define PACKAGE_TARNAME "mtcp"
| #define PACKAGE_VERSION "3"
| #define PACKAGE_STRING "mtcp 3"
| #define PACKAGE_BUGREPORT "mtcp-user@list.ndsl.kaist.edu"
| #define PACKAGE_URL ""
| #define STDC_HEADERS 1
| #define HAVE_SYS_TYPES_H 1
| #define HAVE_SYS_STAT_H 1
| #define HAVE_STDLIB_H 1
| #define HAVE_STRING_H 1
| #define HAVE_MEMORY_H 1
| #define HAVE_STRINGS_H 1
| #define HAVE_INTTYPES_H 1
| #define HAVE_STDINT_H 1
| #define HAVE_UNISTD_H 1
| #define HAVE_LINUX_SCHED_H 1
| #define HAVE_PTHREAD_H 1
| #define HAVE_NUMA_H 1
| #define HAVE_ARPA_INET_H 1
| #define HAVE_FCNTL_H 1
| #define HAVE_LIMITS_H 1
| #define HAVE_NETDB_H 1
| #define HAVE_NETINET_IN_H 1
| #define HAVE_STDINT_H 1
| #define HAVE_STDLIB_H 1
| #define HAVE_STRING_H 1
| #define HAVE_SYS_IOCTL_H 1
| #define HAVE_SYS_SOCKET_H 1
| #define HAVE_SYS_TIME_H 1
| #define HAVE_UNISTD_H 1
| /* end confdefs.h.  */
| #include <stdio.h>
| #ifdef HAVE_SYS_TYPES_H
| # include <sys/types.h>
| #endif
| #ifdef HAVE_SYS_STAT_H
| # include <sys/stat.h>
| #endif
| #ifdef STDC_HEADERS
| # include <stdlib.h>
| # include <stddef.h>
| #else
| # ifdef HAVE_STDLIB_H
| #  include <stdlib.h>
| # endif
| #endif
| #ifdef HAVE_STRING_H
| # if !defined STDC_HEADERS && defined HAVE_MEMORY_H
| #  include <memory.h>
| # endif
| # include <string.h>
| #endif
| #ifdef HAVE_STRINGS_H
| # include <strings.h>
| #endif
| #ifdef HAVE_INTTYPES_H
| # include <inttypes.h>
| #endif
| #ifdef HAVE_STDINT_H
| # include <stdint.h>
| #endif
| #ifdef HAVE_UNISTD_H
| # include <unistd.h>
| #endif
| int
| main ()
| {
| if (sizeof ((size_t)))
| 	    return 0;
|   ;
|   return 0;
| }
configure:3778: result: yes
configure:3789: checking for ssize_t
configure:3789: gcc -c -g -O0 -DMAX_CPUS=24  conftest.c >&5
configure:3789: $? = 0
configure:3789: gcc -c -g -O0 -DMAX_CPUS=24  conftest.c >&5
conftest.c: In function 'main':
conftest.c:70:22: error: expected expression before ')' token
 if (sizeof ((ssize_t)))
                      ^
configure:3789: $? = 1
configure: failed program was:
| /* confdefs.h */
| #define PACKAGE_NAME "mtcp"
| #define PACKAGE_TARNAME "mtcp"
| #define PACKAGE_VERSION "3"
| #define PACKAGE_STRING "mtcp 3"
| #define PACKAGE_BUGREPORT "mtcp-user@list.ndsl.kaist.edu"
| #define PACKAGE_URL ""
| #define STDC_HEADERS 1
| #define HAVE_SYS_TYPES_H 1
| #define HAVE_SYS_STAT_H 1
| #define HAVE_STDLIB_H 1
| #define HAVE_STRING_H 1
| #define HAVE_MEMORY_H 1
| #define HAVE_STRINGS_H 1
| #define HAVE_INTTYPES_H 1
| #define HAVE_STDINT_H 1
| #define HAVE_UNISTD_H 1
| #define HAVE_LINUX_SCHED_H 1
| #define HAVE_PTHREAD_H 1
| #define HAVE_NUMA_H 1
| #define HAVE_ARPA_INET_H 1
| #define HAVE_FCNTL_H 1
| #define HAVE_LIMITS_H 1
| #define HAVE_NETDB_H 1
| #define HAVE_NETINET_IN_H 1
| #define HAVE_STDINT_H 1
| #define HAVE_STDLIB_H 1
| #define HAVE_STRING_H 1
| #define HAVE_SYS_IOCTL_H 1
| #define HAVE_SYS_SOCKET_H 1
| #define HAVE_SYS_TIME_H 1
| #define HAVE_UNISTD_H 1
| /* end confdefs.h.  */
| #include <stdio.h>
| #ifdef HAVE_SYS_TYPES_H
| # include <sys/types.h>
| #endif
| #ifdef HAVE_SYS_STAT_H
| # include <sys/stat.h>
| #endif
| #ifdef STDC_HEADERS
| # include <stdlib.h>
| # include <stddef.h>
| #else
| # ifdef HAVE_STDLIB_H
| #  include <stdlib.h>
| # endif
| #endif
| #ifdef HAVE_STRING_H
| # if !defined STDC_HEADERS && defined HAVE_MEMORY_H
| #  include <memory.h>
| # endif
| # include <string.h>
| #endif
| #ifdef HAVE_STRINGS_H
| # include <strings.h>
| #endif
| #ifdef HAVE_INTTYPES_H
| # include <inttypes.h>
| #endif
| #ifdef HAVE_STDINT_H
| # include <stdint.h>
| #endif
| #ifdef HAVE_UNISTD_H
| # include <unistd.h>
| #endif
| int
| main ()
| {
| if (sizeof ((ssize_t)))
| 	    return 0;
|   ;
|   return 0;
| }
configure:3789: result: yes
configure:3800: checking for uint16_t
configure:3800: gcc -c -g -O0 -DMAX_CPUS=24  conftest.c >&5
configure:3800: $? = 0
configure:3800: result: yes
configure:3812: checking for uint32_t
configure:3812: gcc -c -g -O0 -DMAX_CPUS=24  conftest.c >&5
configure:3812: $? = 0
configure:3812: result: yes
configure:3826: checking for uint64_t
configure:3826: gcc -c -g -O0 -DMAX_CPUS=24  conftest.c >&5
configure:3826: $? = 0
configure:3826: result: yes
configure:3840: checking for uint8_t
configure:3840: gcc -c -g -O0 -DMAX_CPUS=24  conftest.c >&5
configure:3840: $? = 0
configure:3840: result: yes
configure:3858: checking for stdlib.h
configure:3858: result: yes
configure:3868: checking for GNU libc compatible malloc
configure:3892: gcc -o conftest -g -O0 -DMAX_CPUS=24   conftest.c  >&5
configure:3892: $? = 0
configure:3892: ./conftest
configure:3892: $? = 0
configure:3902: result: yes
configure:3929: checking for stdlib.h
configure:3929: result: yes
configure:3929: checking for unistd.h
configure:3929: result: yes
configure:3929: checking for sys/param.h
configure:3929: gcc -c -g -O0 -DMAX_CPUS=24  conftest.c >&5
configure:3929: $? = 0
configure:3929: result: yes
configure:3949: checking for getpagesize
configure:3949: gcc -o conftest -g -O0 -DMAX_CPUS=24   conftest.c  >&5
configure:3949: $? = 0
configure:3949: result: yes
configure:3958: checking for working mmap
configure:4105: gcc -o conftest -g -O0 -DMAX_CPUS=24   conftest.c  >&5
configure:4105: $? = 0
configure:4105: ./conftest
configure:4105: $? = 0
configure:4115: result: yes
configure:4127: checking for bzero
configure:4127: gcc -o conftest -g -O0 -DMAX_CPUS=24   conftest.c  >&5
conftest.c:64:6: warning: conflicting types for built-in function 'bzero'
 char bzero ();
      ^
configure:4127: $? = 0
configure:4127: result: yes
configure:4127: checking for clock_gettime
configure:4127: gcc -o conftest -g -O0 -DMAX_CPUS=24   conftest.c  >&5
configure:4127: $? = 0
configure:4127: result: yes
configure:4127: checking for getpagesize
configure:4127: result: yes
configure:4127: checking for gettimeofday
configure:4127: gcc -o conftest -g -O0 -DMAX_CPUS=24   conftest.c  >&5
configure:4127: $? = 0
configure:4127: result: yes
configure:4127: checking for memmove
configure:4127: gcc -o conftest -g -O0 -DMAX_CPUS=24   conftest.c  >&5
conftest.c:68:6: warning: conflicting types for built-in function 'memmove'
 char memmove ();
      ^
configure:4127: $? = 0
configure:4127: result: yes
configure:4127: checking for memset
configure:4127: gcc -o conftest -g -O0 -DMAX_CPUS=24   conftest.c  >&5
conftest.c:69:6: warning: conflicting types for built-in function 'memset'
 char memset ();
      ^
configure:4127: $? = 0
configure:4127: result: yes
configure:4127: checking for munmap
configure:4127: gcc -o conftest -g -O0 -DMAX_CPUS=24   conftest.c  >&5
configure:4127: $? = 0
configure:4127: result: yes
configure:4127: checking for select
configure:4127: gcc -o conftest -g -O0 -DMAX_CPUS=24   conftest.c  >&5
configure:4127: $? = 0
configure:4127: result: yes
configure:4127: checking for socket
configure:4127: gcc -o conftest -g -O0 -DMAX_CPUS=24   conftest.c  >&5
configure:4127: $? = 0
configure:4127: result: yes
configure:4127: checking for strchr
configure:4127: gcc -o conftest -g -O0 -DMAX_CPUS=24   conftest.c  >&5
conftest.c:73:6: warning: conflicting types for built-in function 'strchr'
 char strchr ();
      ^
configure:4127: $? = 0
configure:4127: result: yes
configure:4127: checking for strerror
configure:4127: gcc -o conftest -g -O0 -DMAX_CPUS=24   conftest.c  >&5
configure:4127: $? = 0
configure:4127: result: yes
configure:4127: checking for strstr
configure:4127: gcc -o conftest -g -O0 -DMAX_CPUS=24   conftest.c  >&5
conftest.c:75:6: warning: conflicting types for built-in function 'strstr'
 char strstr ();
      ^
configure:4127: $? = 0
configure:4127: result: yes
configure:4127: checking for strtol
configure:4127: gcc -o conftest -g -O0 -DMAX_CPUS=24   conftest.c  >&5
configure:4127: $? = 0
configure:4127: result: yes
configure:4243: checking for a BSD-compatible install
configure:4311: result: /usr/bin/install -c
configure:4322: checking whether build environment is sane
configure:4377: result: yes
configure:4525: checking for a thread-safe mkdir -p
configure:4564: result: /bin/mkdir -p
configure:4571: checking for gawk
configure:4587: found /usr/bin/gawk
configure:4598: result: gawk
configure:4609: checking whether make sets $(MAKE)
configure:4631: result: yes
configure:4661: checking for style of include used by make
configure:4689: result: GNU
configure:4723: checking whether make supports nested variables
configure:4740: result: yes
configure:4826: checking dependency style of gcc
configure:4937: result: none
configure:5108: checking that generated files are newer than configure
configure:5114: result: done
configure:5137: creating ./config.status

## ---------------------- ##
## Running config.status. ##
## ---------------------- ##

This file was extended by mtcp config.status 3, which was
generated by GNU Autoconf 2.69.  Invocation command line was

  CONFIG_FILES    = 
  CONFIG_HEADERS  = 
  CONFIG_LINKS    = 
  CONFIG_COMMANDS = 
  $ ./config.status 

on plan20d1

config.status:896: creating Makefile
config.status:896: creating mtcp/src/Makefile
config.status:896: creating config.h
config.status:1077: config.h is unchanged
config.status:1125: executing depfiles commands
configure:6565: checking that generated files are newer than configure
configure:6571: result: done
configure:6598: creating ./config.status

## ---------------------- ##
## Running config.status. ##
## ---------------------- ##

This file was extended by mtcp config.status 3, which was
generated by GNU Autoconf 2.69.  Invocation command line was

  CONFIG_FILES    = 
  CONFIG_HEADERS  = 
  CONFIG_LINKS    = 
  CONFIG_COMMANDS = 
  $ ./config.status 

on plan20d1

config.status:897: creating Makefile
config.status:897: creating mtcp/src/Makefile
config.status:897: creating apps/example/Makefile
config.status:897: creating config.h
config.status:1078: config.h is unchanged
config.status:1126: executing depfiles commands
configure:8027: checking that generated files are newer than configure
configure:8033: result: done
configure:8064: creating ./config.status

## ---------------------- ##
## Running config.status. ##
## ---------------------- ##

This file was extended by mtcp config.status 3, which was
generated by GNU Autoconf 2.69.  Invocation command line was

  CONFIG_FILES    = 
  CONFIG_HEADERS  = 
  CONFIG_LINKS    = 
  CONFIG_COMMANDS = 
  $ ./config.status 

on plan20d1

config.status:898: creating Makefile
config.status:898: creating mtcp/src/Makefile
config.status:898: creating apps/example/Makefile
config.status:898: creating util/Makefile
config.status:898: creating config.h
config.status:1079: config.h is unchanged
config.status:1127: executing depfiles commands
configure:9494: checking that generated files are newer than configure
configure:9500: result: done
configure:9535: creating ./config.status

## ---------------------- ##
## Running config.status. ##
## ---------------------- ##

This file was extended by mtcp config.status 3, which was
generated by GNU Autoconf 2.69.  Invocation command line was

  CONFIG_FILES    = 
  CONFIG_HEADERS  = 
  CONFIG_LINKS    = 
  CONFIG_COMMANDS = 
  $ ./config.status 

on plan20d1

config.status:899: creating Makefile
config.status:899: creating mtcp/src/Makefile
config.status:899: creating apps/example/Makefile
config.status:899: creating util/Makefile
config.status:899: creating io_engine/lib/Makefile
config.status:899: creating config.h
config.status:1080: config.h is unchanged
config.status:1128: executing depfiles commands

## ---------------- ##
## Cache variables. ##
## ---------------- ##

ac_cv_c_compiler_gnu=yes
ac_cv_c_inline=inline
ac_cv_c_int16_t=yes
ac_cv_c_int32_t=yes
ac_cv_c_int64_t=yes
ac_cv_c_int8_t=yes
ac_cv_c_uint16_t=yes
ac_cv_c_uint32_t=yes
ac_cv_c_uint64_t=yes
ac_cv_c_uint8_t=yes
ac_cv_env_CC_set=
ac_cv_env_CC_value=
ac_cv_env_CFLAGS_set=set
ac_cv_env_CFLAGS_value='-g -O0 -DMAX_CPUS=24'
ac_cv_env_CPPFLAGS_set=
ac_cv_env_CPPFLAGS_value=
ac_cv_env_CPP_set=
ac_cv_env_CPP_value=
ac_cv_env_LDFLAGS_set=
ac_cv_env_LDFLAGS_value=
ac_cv_env_LIBS_set=
ac_cv_env_LIBS_value=
ac_cv_env_build_alias_set=
ac_cv_env_build_alias_value=
ac_cv_env_host_alias_set=
ac_cv_env_host_alias_value=
ac_cv_env_target_alias_set=
ac_cv_env_target_alias_value=
ac_cv_func_bzero=yes
ac_cv_func_clock_gettime=yes
ac_cv_func_getpagesize=yes
ac_cv_func_gettimeofday=yes
ac_cv_func_malloc_0_nonnull=yes
ac_cv_func_memmove=yes
ac_cv_func_memset=yes
ac_cv_func_mmap_fixed_mapped=yes
ac_cv_func_munmap=yes
ac_cv_func_select=yes
ac_cv_func_socket=yes
ac_cv_func_strchr=yes
ac_cv_func_strerror=yes
ac_cv_func_strstr=yes
ac_cv_func_strtol=yes
ac_cv_header_arpa_inet_h=yes
ac_cv_header_fcntl_h=yes
ac_cv_header_inttypes_h=yes
ac_cv_header_limits_h=yes
ac_cv_header_linux_sched_h=yes
ac_cv_header_memory_h=yes
ac_cv_header_netdb_h=yes
ac_cv_header_netinet_in_h=yes
ac_cv_header_numa_h=yes
ac_cv_header_pthread_h=yes
ac_cv_header_stdc=yes
ac_cv_header_stdint_h=yes
ac_cv_header_stdlib_h=yes
ac_cv_header_string_h=yes
ac_cv_header_strings_h=yes
ac_cv_header_sys_ioctl_h=yes
ac_cv_header_sys_param_h=yes
ac_cv_header_sys_socket_h=yes
ac_cv_header_sys_stat_h=yes
ac_cv_header_sys_time_h=yes
ac_cv_header_sys_types_h=yes
ac_cv_header_unistd_h=yes
ac_cv_objext=o
ac_cv_path_EGREP='/bin/grep -E'
ac_cv_path_GREP=/bin/grep
ac_cv_path_install='/usr/bin/install -c'
ac_cv_path_mkdir=/bin/mkdir
ac_cv_prog_AWK=gawk
ac_cv_prog_CPP='gcc -E'
ac_cv_prog_ac_ct_CC=gcc
ac_cv_prog_cc_c89=
ac_cv_prog_cc_g=yes
ac_cv_prog_make_make_set=yes
ac_cv_type_pid_t=yes
ac_cv_type_size_t=yes
ac_cv_type_ssize_t=yes
am_cv_CC_dependencies_compiler_type=none
am_cv_make_support_nested_variables=yes
am_cv_prog_cc_c_o=yes

## ----------------- ##
## Output variables. ##
## ----------------- ##

ACLOCAL='${SHELL} /home/utcpdev/mtcp/missing aclocal-1.15'
AMDEPBACKSLASH='\'
AMDEP_FALSE='#'
AMDEP_TRUE=''
AMTAR='$${TAR-tar}'
AM_BACKSLASH='\'
AM_DEFAULT_V='$(AM_DEFAULT_VERBOSITY)'
AM_DEFAULT_VERBOSITY='1'
AM_V='$(V)'
AUTOCONF='${SHELL} /home/utcpdev/mtcp/missing autoconf'
AUTOHEADER='${SHELL} /home/utcpdev/mtcp/missing autoheader'
AUTOMAKE='${SHELL} /home/utcpdev/mtcp/missing automake-1.15'
AWK='gawk'
CC='gcc'
CCDEPMODE='depmode=none'
CFLAGS='-g -O0 -DMAX_CPUS=24'
CPP='gcc -E'
CPPFLAGS=''
CYGPATH_W='echo'
DEFS='-DHAVE_CONFIG_H'
DEPDIR='.deps'
DPDK='1'
DPDKLIBPATH='/home/utcpdev/mtcp/dpdk/'
ECHO_C=''
ECHO_N='-n'
ECHO_T=''
EGREP='/bin/grep -E'
EXEEXT=''
GREP='/bin/grep'
HWCSUM='1'
INSTALL_DATA='${INSTALL} -m 644'
INSTALL_PROGRAM='${INSTALL}'
INSTALL_SCRIPT='${INSTALL}'
INSTALL_STRIP_PROGRAM='$(install_sh) -c -s'
LDFLAGS=''
LIBOBJS=''
LIBS=''
LRO='0'
LTLIBOBJS=''
MAKEINFO='${SHELL} /home/utcpdev/mtcp/missing makeinfo'
MKDIR_P='/bin/mkdir -p'
NETMAP='0'
OBJEXT='o'
PACKAGE='mtcp'
PACKAGE_BUGREPORT='mtcp-user@list.ndsl.kaist.edu'
PACKAGE_NAME='mtcp'
PACKAGE_STRING='mtcp 3'
PACKAGE_TARNAME='mtcp'
PACKAGE_URL=''
PACKAGE_VERSION='3'
PATH_SEPARATOR=':'
PSIO='0'
PSLIBPATH=''
SET_MAKE=''
SHELL='/bin/bash'
STRIP=''
VERSION='3'
ac_ct_CC='gcc'
am__EXEEXT_FALSE=''
am__EXEEXT_TRUE='#'
am__fastdepCC_FALSE=''
am__fastdepCC_TRUE='#'
am__include='include'
am__isrc=''
am__leading_dot='.'
am__nodep='_no'
am__quote=''
am__tar='$${TAR-tar} chof - "$$tardir"'
am__untar='$${TAR-tar} xf -'
bindir='${exec_prefix}/bin'
build_alias=''
datadir='${datarootdir}'
datarootdir='${prefix}/share'
docdir='${datarootdir}/doc/${PACKAGE_TARNAME}'
dvidir='${docdir}'
exec_prefix='${prefix}'
host_alias=''
htmldir='${docdir}'
includedir='${prefix}/include'
infodir='${datarootdir}/info'
install_sh='${SHELL} /home/utcpdev/mtcp/install-sh'
libdir='${exec_prefix}/lib'
libexecdir='${exec_prefix}/libexec'
localedir='${datarootdir}/locale'
localstatedir='${prefix}/var'
mandir='${datarootdir}/man'
mkdir_p='$(MKDIR_P)'
oldincludedir='/usr/include'
pdfdir='${docdir}'
prefix='/usr/local'
program_transform_name='s,x,x,'
psdir='${docdir}'
runstatedir='${localstatedir}/run'
sbindir='${exec_prefix}/sbin'
sharedstatedir='${prefix}/com'
sysconfdir='${prefix}/etc'
target_alias=''

## ----------- ##
## confdefs.h. ##
## ----------- ##

/* confdefs.h */
#define PACKAGE_NAME "mtcp"
#define PACKAGE_TARNAME "mtcp"
#define PACKAGE_VERSION "3"
#define PACKAGE_STRING "mtcp 3"
#define PACKAGE_BUGREPORT "mtcp-user@list.ndsl.kaist.edu"
#define PACKAGE_URL ""
#define STDC_HEADERS 1
#define HAVE_SYS_TYPES_H 1
#define HAVE_SYS_STAT_H 1
#define HAVE_STDLIB_H 1
#define HAVE_STRING_H 1
#define HAVE_MEMORY_H 1
#define HAVE_STRINGS_H 1
#define HAVE_INTTYPES_H 1
#define HAVE_STDINT_H 1
#define HAVE_UNISTD_H 1
#define HAVE_LINUX_SCHED_H 1
#define HAVE_PTHREAD_H 1
#define HAVE_NUMA_H 1
#define HAVE_ARPA_INET_H 1
#define HAVE_FCNTL_H 1
#define HAVE_LIMITS_H 1
#define HAVE_NETDB_H 1
#define HAVE_NETINET_IN_H 1
#define HAVE_STDINT_H 1
#define HAVE_STDLIB_H 1
#define HAVE_STRING_H 1
#define HAVE_SYS_IOCTL_H 1
#define HAVE_SYS_SOCKET_H 1
#define HAVE_SYS_TIME_H 1
#define HAVE_UNISTD_H 1
#define HAVE_STDLIB_H 1
#define HAVE_MALLOC 1
#define HAVE_STDLIB_H 1
#define HAVE_UNISTD_H 1
#define HAVE_SYS_PARAM_H 1
#define HAVE_GETPAGESIZE 1
#define HAVE_MMAP 1
#define HAVE_BZERO 1
#define HAVE_CLOCK_GETTIME 1
#define HAVE_GETPAGESIZE 1
#define HAVE_GETTIMEOFDAY 1
#define HAVE_MEMMOVE 1
#define HAVE_MEMSET 1
#define HAVE_MUNMAP 1
#define HAVE_SELECT 1
#define HAVE_SOCKET 1
#define HAVE_STRCHR 1
#define HAVE_STRERROR 1
#define HAVE_STRSTR 1
#define HAVE_STRTOL 1
#define PACKAGE "mtcp"
#define VERSION "3"

configure: exit 0
